         w __deregister_frame_info
         w __register_frame_info
         w userAppExit
         w userAppInit
00000000 00000802 B __ctru_dev_utf16_buf
00000000 A __sync_synchronize
00000000 b _TLS_MODULE_BASE_
00000000 a shift
00000000 a shift
00000804 00000401 B __ctru_dev_path_buf
00100000 A __start__
00100000 T _start
00100008 T __service_ptr
0010000c T __apt_appid
00100010 T __heap_size
00100014 T __linear_heap_size
00100018 T __system_arglist
0010001c T __system_runflags
00100020 t startup
00100058 t ClearMem
0010006c t ClrLoop
00100094 T _init
001000ac t .udivsi3_skip_div0_test
001000ac T __aeabi_uidiv
001000ac 000001ec T __udivsi3
00100298 00000020 T __aeabi_uidivmod
001002b8 T __aeabi_idiv
001002b8 00000220 T __divsi3
001002c0 t .divsi3_skip_div0_test
001004d8 00000020 T __aeabi_idivmod
001004f8 00000004 W __aeabi_idiv0
001004f8 00000004 W __aeabi_ldiv0
001004fc T __aeabi_drsub
00100504 000002b0 T __aeabi_dsub
00100504 000002b0 T __subdf3
00100508 000002ac T __adddf3
00100508 000002ac T __aeabi_dadd
001007b4 00000024 T __aeabi_ui2d
001007b4 00000024 T __floatunsidf
001007d8 00000028 T __aeabi_i2d
001007d8 00000028 T __floatsidf
00100800 00000048 T __aeabi_f2d
00100800 00000048 T __extendsfdf2
00100848 00000074 T __aeabi_ul2d
00100848 00000074 T __floatundidf
0010085c 00000060 T __aeabi_l2d
0010085c 00000060 T __floatdidf
001008bc T __aeabi_ldivmod
00100990 T __aeabi_uldivmod
001009e8 00000390 T strcmp
00100d70 t __do_global_dtors_aux
00100dc0 t frame_dummy
00100dec 00000070 t parse_hex4
00100e5c 000003a4 t parse_string
00101200 0000006c t buffer_skip_whitespace
0010126c 000000e4 t get_object_item
00101350 000000ac T cJSON_Delete
00101400 00000568 t parse_value
00101968 000001dc T cJSON_ParseWithLengthOpts
00101b44 0000002c T cJSON_Parse
00101b70 00000008 T cJSON_GetObjectItem
00101b78 00000008 T cJSON_GetObjectItemCaseSensitive
00101b80 000000a0 T cJSON_CreateString
00101c20 00000018 T cJSON_IsString
00101c38 00000018 T cJSON_IsArray
00101c50 0000001c T gamepad_button_check_pressed
00101c6c 0000001c T gamepad_button_check
00101c88 0000001c T gamepad_button_check_released
00101ca4 00000004 T show_debug_message
00101ca8 000000a8 T draw_sprite
00101d50 0000022c t runner_apply_xy_code
00101f7c 00000010 T GML_SetRoot
00101f8c 000000ac T RunGML_create
00102038 00000094 T RunGML_step
001020cc 000000f4 T RunGML
001021c0 00000090 t GetSpriteNumberByName
00102250 00000130 t GetCurrentRoomSize
00102380 00000040 t GetFirstRoomName
001023c0 00000030 T runner_sprite_is_object
001023f0 00000a3c T main
00102e2c 00000044 t C2Di_FrameEndHook
00102e70 0000036c T C2D_Init
001031dc 0000004c T C2D_Fini
00103228 000000b8 T C2D_Prepare
001032e0 00000048 T C2D_Flush
00103328 00000104 T C2D_SceneSize
0010342c 00000058 T C2D_ViewReset
00103484 0000003c T C2D_ViewTranslate
001034c0 00000038 T C2D_ViewScale
001034f8 00000058 T C2D_CreateScreenTarget
00103550 00000064 T C2D_TargetClear
001035b4 0000013c T C2Di_CalcQuad
001036f0 00000058 T C2Di_AppendQuad
00103748 00000550 T C2Di_Update
00103c98 000002b0 T C2D_DrawImage
00103f48 0000006c T C2D_SpriteSheetLoadFromHandle
00103fb4 00000048 T C2D_SpriteSheetLoad
00103ffc 00000028 T C2D_SpriteSheetFree
00104024 0000002c T C2D_SpriteSheetGetImage
00104050 00000028 T AttrInfo_Init
00104078 00000094 T AttrInfo_AddLoader
0010410c 00000054 T C3D_SetAttrInfo
00104160 00000080 T C3Di_AttrInfoBind
001041e0 00000004 W C3Di_LightEnvUpdate
001041e4 00000004 W C3Di_LightEnvDirty
001041e8 000000b4 t C3Di_AptEventHook
0010429c 00000004 W C3Di_GasUpdate
001042a0 000001d0 T C3D_Init
00104470 00000098 T C3D_SetViewport
00104508 000004e8 T C3Di_UpdateContext
001049f0 000000e0 T C3Di_SplitFrame
00104ad0 00000044 T C3D_Fini
00104b14 00000194 T C3D_BindProgram
00104ca8 00000024 T BufInfo_Init
00104ccc 00000080 T BufInfo_Add
00104d4c 0000003c T C3D_SetBufInfo
00104d88 00000048 T C3Di_BufInfoBind
00104dd0 0000021c T C3D_DrawElements
00104fec 00000040 T C3D_DepthMap
0010502c 0000001c T C3D_CullFace
00105048 00000040 T C3D_StencilTest
00105088 00000024 T C3D_StencilOp
001050ac 0000001c T C3D_BlendingColor
001050c8 00000024 T C3D_EarlyDepthTest
001050ec 0000002c T C3D_DepthTest
00105118 0000002c T C3D_AlphaTest
00105144 00000050 T C3D_AlphaBlend
00105194 00000030 T C3D_FragOpMode
001051c4 00000044 T C3D_FragOpShadow
00105208 000001ac T C3Di_EffectBind
001053b4 0000001c T C3D_CalcColorBufSize
001053d0 0000001c T C3D_CalcDepthBufSize
001053ec 00000044 T C3D_SetFrameBuf
00105430 0000016c T C3Di_FrameBufBind
0010559c 000000c8 T C3D_FrameBufClear
00105664 00000044 T C3D_FrameBufTransfer
001056a8 000000a8 T C3D_ImmSendAttrib
00105750 00000070 T C3D_ProcTexInit
001057c0 00000054 T C3D_ProcTexBind
00105814 0000005c T C3D_ProcTexLutBind
00105870 000000a4 T ProcTexLut_FromArray
00105914 00000178 T C3Di_ProcTexUpdate
00105a8c 00000068 T C3Di_ProcTexDirty
00105af4 0000004c t onVBlank0
00105b40 0000004c t onVBlank1
00105b8c 00000080 t C3Di_RenderTargetDestroy
00105c0c 000000f4 t onQueueFinish
00105d00 00000038 T C3Di_RenderQueueEnableVBlank
00105d38 00000030 T C3Di_RenderQueueDisableVBlank
00105d68 00000060 T C3Di_RenderQueueInit
00105dc8 000000b4 T C3Di_RenderQueueExit
00105e7c 00000034 T C3Di_RenderQueueWaitDone
00105eb0 000000e8 T C3D_FrameBegin
00105f98 00000048 T C3D_FrameDrawOn
00105fe0 00000058 T C3D_FrameSplit
00106038 000001d0 T C3D_FrameEnd
00106208 0000001c T C3D_FrameEndHook
00106224 00000170 T C3D_RenderTargetCreate
00106394 000000a8 T C3D_RenderTargetSetOutput
0010643c 000000fc T C3D_SyncTextureCopy
00106538 000003d8 t Tex3DSi_ImportCommon
00106910 00000038 T Tex3DS_TextureImportStdio
00106948 0000001c T Tex3DS_GetSubTexture
00106964 00000004 T Tex3DS_TextureFree
00106968 00000034 T C3D_GetTexEnv
0010699c 00000024 T C3Di_TexEnvBind
001069c0 00000290 T C3D_TexInitWithParams
00106c50 000000c8 T C3D_TexLoadImage
00106d18 00000044 T C3D_TexBind
00106d5c 00000074 T C3D_TexDelete
00106dd0 0000014c T C3Di_SetTex
00106f1c 00000290 T C3D_UpdateUniforms
001071ac 000000c0 T C3Di_DirtyUniforms
0010726c 000000d8 T C3Di_LoadShaderUniforms
00107344 00000028 T C3Di_ClearShaderUniforms
0010736c 000000cc T Mtx_Ortho
00107438 000000cc T Mtx_OrthoTilt
00107504 00000038 T Mtx_Scale
0010753c 000000a4 T Mtx_Translate
001075e0 00000024 t addrMapNodeComparator(rbtree_node const*, rbtree_node const*)
00107604 00000004 t addrMapNodeDestructor(rbtree_node*)
00107608 0000012c T linearMemAlign
00107734 00000008 T linearAlloc
0010773c 0000005c T linearFree
00107798 00000088 T MemPool::CoalesceRight(MemBlock*)
00107820 00000178 T MemPool::Allocate(MemChunk&, unsigned long, int)
00107998 00000118 T MemPool::Deallocate(MemChunk const&)
00107ab0 00000030 T MemPool::GetFreeSpace()
00107ae0 00000024 t addrMapNodeComparator(rbtree_node const*, rbtree_node const*)
00107b04 00000004 t addrMapNodeDestructor(rbtree_node*)
00107b08 00000248 T vramMemAlignAt
00107d50 0000000c T vramAlloc
00107d5c 0000000c T vramAllocAt
00107d68 00000094 T vramFree
00107dfc 000001c8 T consoleDrawChar
00107fc4 00000170 T consolePrintChar
00108134 00000c40 T con_write
00108d74 00000110 t newRow
00108e84 00000180 T consoleInit
00109004 000000cc t gfxPresentFramebuffer
001090d0 0000001c T gfxIsWide
001090ec 000000f8 T gfxSetScreenFormat
001091e4 00000010 T gfxSetDoubleBuffering
001091f4 000000d8 T gfxInit
001092cc 00000010 T gfxInitDefault
001092dc 000000b8 T gfxExit
00109394 000000a0 T gfxGetFramebuffer
00109434 00000100 T gfxFlushBuffers
00109534 00000028 T gfxScreenSwapBuffers
0010955c 00000050 T gfxSwapBuffersGpu
001095ac 00000074 T osConvertVirtToPhys
00109620 00000054 T osGetTimeRef
00109674 000000ec T osGetTime
00109760 00000034 T __ctru_speedup_config
00109794 00000008 t romfs_close
0010979c 000000ac t romfs_seek
00109848 00000024 t romfs_dirreset
0010986c 000000c0 t fill_dir
0010992c 000002ac t romfs_dirnext
00109bd8 00000074 t romfs_free
00109c4c 000000d0 t searchForFile.constprop.0
00109d1c 000000d4 t searchForDir.constprop.0
00109df0 000001c0 t navigateToDir.constprop.0
00109fb0 00000114 t romfs_open
0010a0c4 0000004c t romfs_chdir
0010a110 00000068 t romfs_diropen
0010a178 00000178 t romfs_stat
0010a2f0 00000008 t romfs_dirclose
0010a2f8 0000007c t romfs_fstat
0010a374 000000d0 t romfs_read
0010a444 0000028c T romfsMountFromFile
0010a6d0 00000098 T romfsMountFromCurrentProcess
0010a768 00000258 T romfsMountSelf
0010a9c0 000000a0 T romfsUnmount
0010aa60 0000013c T GPUCMD_Add
0010ab9c 000000b0 T GPUCMD_Split
0010ac4c 00000034 T f32tof16
0010ac80 00000034 T f32tof24
0010acb4 00000038 T f32tof31
0010acec 00000010 T GX_BindQueue
0010acfc 0000007c T GX_ProcessCommandList
0010ad78 00000074 T GX_MemoryFill
0010adec 00000074 T GX_DisplayTransfer
0010ae60 00000078 T GX_TextureCopy
0010aed8 00000064 t gxCmdQueueDoCommands.part.0
0010af3c 000000e4 T gxCmdQueueInterrupt
0010b020 00000068 T gxCmdQueueClear
0010b088 00000108 T gxCmdQueueAdd
0010b190 00000080 T gxCmdQueueRun
0010b210 00000064 T gxCmdQueueStop
0010b274 0000008c T gxCmdQueueWait
0010b300 000001e0 T shaderInstanceInit
0010b4e0 00000018 T shaderInstanceGetUniformLocation
0010b4f8 0000001c T shaderProgramInit
0010b514 00000074 T shaderProgramFree
0010b588 00000094 T shaderProgramSetVsh
0010b61c 000008d0 T shaderProgramConfigure
0010beec 000001dc t DVLE_GenerateOutmap.part.0
0010c0c8 000001ac T DVLB_ParseFile
0010c274 00000050 T DVLB_Free
0010c2c4 00000074 T DVLE_GetUniformRegister
0010c338 00000180 t aptConvertScreenForCapture
0010c4b8 00000008 W aptDspSleep
0010c4c0 00000004 W aptDspWakeup
0010c4c4 00000004 W aptDspCancel
0010c4c8 00000138 T aptSendCommand
0010c600 00000044 t aptExitProcess
0010c644 00000394 T aptExit
0010c9d8 000000d8 T aptHandleSleep
0010cab0 00000034 T aptHook
0010cae4 00000030 T aptUnhook
0010cb14 00000084 T APT_SleepIfShellClosed
0010cb98 00000078 T aptSetSleepAllowed
0010cc10 00000084 T APT_UnlockTransition
0010cc98 00000470 t aptEventHandler
0010d108 000000bc T APT_ReceiveParameter
0010d1c4 000000b0 t aptReceiveParameter.constprop.0
0010d278 00000294 t aptScreenTransfer
0010d50c 000002d0 t aptWaitForWakeUp.isra.0
0010d7dc 000000f4 T aptJumpToHomeMenu
0010d8d0 00000058 T aptMainLoop
0010d928 00000240 T aptInit
0010db68 00000090 T APT_CheckNew3DS
0010dbf8 00000104 T fsInit
0010dcfc 0000003c T fsExit
0010dd38 00000068 T fsExemptFromSession
0010dda0 00000050 T fsUnexemptFromSession
0010ddf0 000000cc T FSUSER_OpenFile
0010debc 000000cc T FSUSER_OpenFileDirectly
0010df88 000000b8 T FSUSER_DeleteFile
0010e040 000000f4 T FSUSER_RenameFile
0010e134 000000b8 T FSUSER_DeleteDirectory
0010e1ec 000000d0 T FSUSER_CreateFile
0010e2bc 000000c0 T FSUSER_CreateDirectory
0010e37c 000000f4 T FSUSER_RenameDirectory
0010e470 000000b4 T FSUSER_OpenDirectory
0010e524 00000090 T FSUSER_OpenArchive
0010e5b4 0000008c T FSUSER_CloseArchive
0010e640 00000074 T FSUSER_GetSdmcArchiveResource
0010e6b4 00000064 T FSUSER_IsSdmcWritable
0010e718 00000064 T FSFILE_Read
0010e77c 0000006c T FSFILE_Write
0010e7e8 00000044 T FSFILE_GetSize
0010e82c 00000028 T FSFILE_SetSize
0010e854 0000003c T FSFILE_Close
0010e890 00000024 T FSFILE_Flush
0010e8b4 00000060 T FSDIR_Read
0010e914 0000003c T FSDIR_Close
0010e950 00000c70 t gspHardwareInit
0010f5c0 00000280 T gspInit
0010f840 00000110 T gspExit
0010f950 00000010 T gspHasGpuRight
0010f960 000000a4 T gspPresentBuffer
0010fa04 00000030 T gspSetEventCallback
0010fa34 00000050 T gspWaitForEvent
0010fa84 0000004c T gspWaitForAnyEvent
0010fad0 00000154 t gspEventThreadMain
0010fc24 0000012c T gspSubmitGxCommand
0010fd50 00000050 T GSPGPU_FlushDataCache
0010fda0 00000034 T GSPGPU_SetLcdForceBlack
0010fdd4 00000080 T GSPGPU_AcquireRight
0010fe54 0000005c T GSPGPU_ReleaseRight
0010feb0 0000007c T GSPGPU_ImportDisplayCaptureInfo
0010ff2c 0000002c T GSPGPU_SaveVramSysArea
0010ff58 0000002c T GSPGPU_RestoreVramSysArea
0010ff84 00000024 W hidShouldUseIrrst
0010ffa8 000001cc T hidInit
00110174 000000e8 T hidExit
0011025c 000002a0 T hidScanInput
001104fc 00000010 T hidKeysHeld
0011050c 00000010 T hidKeysDown
0011051c 00000010 T hidKeysUp
0011052c 000001a4 T irrstInit
001106d0 000000dc T irrstExit
001107ac 000000b4 T irrstScanInput
00110860 00000024 T irrstKeysHeld
00110884 00000078 T ptmSysmInit
001108fc 0000003c T ptmSysmExit
00110938 00000034 T PTMSYSM_ConfigureNew3DSCPU
0011096c 000000e0 t buffer_read
00110a4c 000000cc t iov_read
00110b18 00000164 t iov_memmove
00110c7c 000001e0 t decompress_rle
00110e5c 00000264 t decompress_lzss
001110c0 00000418 t decompress_lz11
001114d8 0000031c t decompress_huff.isra.0
001117f4 00000010 T decompressCallback_Stdio
00111804 000000e4 T decompressHeader
001118e8 0000021c T decompressV
00111b04 00000074 T rbtree_find
00111b78 00000010 T rbtree_init
00111b88 00000198 t do_insert
00111d20 00000008 T rbtree_insert
00111d28 00000310 T rbtree_remove
00112038 00000090 T rbtree_rotate
001120c8 000000e8 T utf16_to_utf8
001121b0 000000c0 T utf8_to_utf16
00112270 000001e8 W __system_allocateHeaps
00112458 00000038 W __libctru_init
00112490 0000016c W __system_initArgv
001125fc 00000030 T __syscall_getreent
0011262c 00000064 T __syscall_gettod_r
00112690 00000004 T __syscall_lock_acquire
00112694 00000004 T __syscall_lock_release
00112698 00000004 T __syscall_lock_acquire_recursive
0011269c 00000004 T __syscall_lock_release_recursive
001126a0 00000004 T __syscall_exit
001126a4 00000054 T initThreadVars
001126f8 00000080 T __system_initSyscalls
00112778 T svcControlMemory
00112798 T svcQueryMemory
001127c8 T svcExitProcess
001127d0 T svcCreateThread
001127f0 T svcExitThread
001127f8 T svcSleepThread
00112800 T svcReleaseMutex
00112808 T svcCreateEvent
0011281c T svcSignalEvent
00112824 T svcClearEvent
0011282c T svcMapMemoryBlock
00112834 T svcUnmapMemoryBlock
0011283c T svcCreateAddressArbiter
00112850 T svcArbitrateAddressNoTimeout
00112858 T svcCloseHandle
00112860 T svcWaitSynchronization
00112868 T svcWaitSynchronizationN
00112890 T svcDuplicateHandle
001128a4 T svcGetSystemTick
001128ac T svcConnectToPort
001128c0 T svcSendSyncRequest
001128c8 T svcGetResourceLimit
001128dc T svcGetResourceLimitLimitValues
001128e4 T svcGetResourceLimitCurrentValues
001128ec T svcBreak
001128f4 T __aeabi_read_tp
00112900 W initSystem
00112950 W __ctru_exit
00112964 0000008c W envGetHandle
001129f0 00000050 W envDestroyHandles
00112a40 00000164 T srvInit
00112ba4 00000064 T srvExit
00112c08 00000060 T srvEnableNotification
00112c68 000000a0 T srvGetServiceHandleDirect
00112d08 00000048 T srvGetServiceHandle
00112d50 00000034 T srvSubscribe
00112d84 00000060 T srvReceiveNotification
00112de4 00000038 T srvPublishToSubscriber
00112e1c 0000000c T __sync_init
00112e28 00000018 T __sync_fini
00112e40 00000028 T syncArbitrateAddress
00112e68 000000ac T LightLock_Lock
00112f14 00000040 T LightLock_Unlock
00112f54 00000054 T RecursiveLock_Lock
00112fa8 00000054 T RecursiveLock_Unlock
00112ffc 00000044 T LightEvent_Init
00113040 000000b8 T LightEvent_Clear
001130f8 000000dc T LightEvent_Signal
001131d4 00000050 T LightEvent_TryWait
00113224 000000ac T LightEvent_Wait
001132d0 000001fc T threadCreate
001134cc 00000038 T threadFree
00113504 00000024 T threadJoin
00113528 00000030 T threadGetCurrent
00113558 00000040 T threadExit
00113598 00000020 t _thread_begin
001135b8 00000090 t mappableFindAddressWithin
00113648 00000028 T mappableInit
00113670 0000007c T mappableAlloc
001136ec 00000004 T mappableFree
001136f0 0000000c T srvPmGetSessionHandle
001136fc 00000060 T rbtree_node_next
0011375c 00000054 T decode_utf16
001137b0 00000140 T decode_utf8
001138f0 00000054 T encode_utf16
00113944 000000e0 T encode_utf8
00113a24 00000030 W __appExit
00113a54 00000030 W __appInit
00113a84 00000090 W __libctru_exit
00113b14 00000014 t archive_link
00113b28 00000014 t archive_dirreset
00113b3c 00000014 t archive_chmod
00113b50 00000024 t error_cmp
00113b74 00000050 t archive_translate_error
00113bc4 000000c0 t archive_seek
00113c84 00000078 t _archiveInit.part.0
00113cfc 000000d4 t archiveFindDevice.part.0
00113dd0 00000298 t archive_utf16path
00114068 00000098 t _archiveUnmountDeviceStruct.part.0
00114100 00000014 t archive_statvfs
00114114 00000014 t archive_fchmod
00114128 00000178 t _archiveMountDevice
001142a0 000000f8 t archive_diropen
00114398 000000ac t archive_fstat
00114444 00000074 t archive_fsync
001144b8 00000074 t archive_close
0011452c 00000078 t archive_dirclose
001145a4 000000ec t sdmc_statvfs
00114690 000000f8 t archive_chdir
00114788 0000008c t archive_ftruncate
00114814 000000bc t archive_read
001148d0 000000a8 t archive_unlink
00114978 000000c0 t archive_rmdir
00114a38 000000d8 t archive_mkdir
00114b10 000001a0 t archive_stat
00114cb0 00000164 t archive_dirnext
00114e14 0000013c t archive_write
00114f50 00000254 t archive_open
001151a4 00000270 t archive_rename
00115414 000001c8 T archiveMountSdmc
001155dc 00000054 T archiveUnmountAll
00115630 00000264 T sinf
00115894 00000024 t with_errnof
001158b8 0000001c T __math_invalidf
001158d8 0000025c T cosf
00115b34 0000002c T __aeabi_d2lz
00115b34 0000002c T __fixdfdi
00115b60 00000040 T __aeabi_d2ulz
00115b60 00000040 T __fixunsdfdi
00115ba0 00000130 T __udivmoddi4
00115cd0 000000d8 T strncmp
00115da8 00000140 T strchr
00115ee8 00000144 T _fclose_r
0011602c 00000020 T fclose
0011604c 00000060 t sulp
001160b0 00001428 T _strtod_l
001174d8 00000048 T strtod
00117520 0000008c T strlen
001175ac 000000f4 t rshift
001176a0 000008b4 T __gethex
00117f54 000000d8 T memcmp
0011802c 0000001c t stdio_exit_handler
00118048 0000005c t cleanup_stdio
001180a4 00000154 t global_stdio_init.part.0
001181f8 00000138 T __sfp
00118330 0000005c T __sinit
0011838c 0000000c T __sfp_lock_acquire
00118398 0000000c T __sfp_lock_release
001183a4 000001ec t _strtoul_l.isra.0
00118590 0000003c T strtoul
001185cc 00000084 T __libc_init_array
00118650 0000009c T strncat
001186ec 00000070 T _fwalk_sglue
0011875c 00000078 T bsearch
001187d4 0000000c T __errno
001187e0 00000028 T calloc
00118808 000000e0 T _puts_r
001188e8 00000020 T puts
00118908 000000d8 T _calloc_r
001189e0 00000028 T realloc
00118a08 00000020 T strdup
00118a28 0000001c T _fseek_r
00118a44 00000034 T fseek
00118a78 00000028 T memalign
00118aa0 0000082c T _malloc_r
001192cc 00000114 T _malloc_trim_r
001193e0 00000314 T _free_r
001196f4 00000034 T printf
00119728 0000003c T strnlen
00119764 00000040 T malloc
001197a4 00000020 T free
001197c4 0000022c T __sflush_r
001199f0 000000c4 T _fflush_r
00119ab4 00000048 T time
00119afc 000000e4 T memset
00119be0 000004f0 T _realloc_r
0011a0d0 00000054 T _strdup_r
0011a124 00000334 T _fread_r
0011a458 00000038 T fread
0011a490 0000000c T __malloc_lock
0011a49c 0000000c T __malloc_unlock
0011a4a8 00000004 W __call_exitprocs
0011a4ac 00000030 T exit
0011a4dc 00000294 T setvbuf
0011a770 00000134 T _fopen_r
0011a8a4 00000028 T fopen
0011a8cc 000000d4 T strncpy
0011a9a0 00000034 T ftell
0011a9d4 0000012c T memcpy
0011ab00 00000028 T _wcsrtombs_r
0011ab28 00000070 T __match
0011ab98 000002a8 T __hexnan
0011ae40 00000010 T nan
0011ae50 00000088 T frexp
0011aed8 000004a4 T __sfvwrite_r
0011b37c 00000044 T __sread
0011b3c0 00000068 T __swrite
0011b428 00000040 T __sseek
0011b468 00000008 T __sclose
0011b470 0000016c T memmove
0011b5dc 0000005c T __assert_func
0011b638 00000088 T _Balloc
0011b6c0 0000001c T _Bfree
0011b6dc 000000f4 T __multadd
0011b7d0 0000010c T __s2b
0011b8dc 00000080 T __hi0bits
0011b95c 000000f0 T __lo0bits
0011ba4c 000000a4 T __i2b
0011baf0 00000230 T __multiply
0011bd20 00000130 T __pow5mult
0011be50 00000138 T __lshift
0011bf88 00000058 T __mcmp
0011bfe0 00000218 T __mdiff
0011c1f8 00000068 T __ulp
0011c260 000000d4 T __b2d
0011c334 00000120 T __d2b
0011c454 00000078 T __ratio
0011c4cc 0000008c T __copybits
0011c558 0000005c T __any_on
0011c5b4 00000024 T __locale_mb_cur_max
0011c5d8 0000003c T fiprintf
0011c614 0000016c T _memalign_r
0011c780 0000015c T _wcsnrtombs_l
0011c8dc 00000064 T _wcsnrtombs_r
0011c940 00000340 T __utf8_mbtowc
0011cc80 00000588 T _fseeko_r
0011d208 00000014 T abort
0011d21c 00000024 T _localeconv_r
0011d240 000005e0 t get_arg
0011d820 00003554 T _vfprintf_r
00120d74 000000b4 t __sbprintf
00120e28 000000e8 T memchr
00120f10 000001c0 t quorem
001210d0 00001420 T _dtoa_r
001224f0 000000a0 T _wcrtomb_r
00122590 000000b8 T __sflags
00122648 0000003c T __libc_fini_array
00122684 00000038 t lflush
001226bc 000001a8 T __srefill_r
00122864 00000164 T __smakebuf_r
001229c8 00000090 T __swhatbuf_r
00122a58 000001c4 T _ftello_r
00122c1c 000000f8 T __utf8_wctomb
00122d14 00000140 T __swsetup_r
00122e54 0000009c T _raise_r
00122ef0 00000020 T raise
00122f10 000005e0 t get_arg
001234f0 000022f8 T _vfiprintf_r
001257e8 000000b4 t __sbprintf
0012589c 00000030 T __sprint_r
001258cc 00000020 T _exit
001258ec 00000140 T chdir
00125a2c 000001c8 T _concatenate_path
00125bf4 0000009c T _fstat_r
00125c90 00000014 T _getpid_r
00125ca4 0000002c T __getreent
00125cd0 00000030 T _gettimeofday_r
00125d00 000000a0 T __release_handle
00125da0 000000b0 T __alloc_handle
00125e50 00000058 T __get_handle
00125ea8 00000110 T _close_r
00125fb8 00000008 t null_write
00125fc0 00000018 T setDefaultDevice
00125fd8 000000c4 T FindDevice
0012609c 00000028 T RemoveDevice
001260c4 00000098 T AddDevice
0012615c 00000020 T GetDeviceOpTab
0012617c 00000008 T _isatty_r
00126184 00000014 T _kill_r
00126198 00000094 T _lseek_r
0012622c 000000c0 T _open_r
001262ec 00000094 T _read_r
00126380 00000078 W _sbrk_r
001263f8 0000001c T __libc_lock_acquire
00126414 0000001c T __libc_lock_release
00126430 0000001c T __libc_lock_acquire_recursive
0012644c 0000001c T __libc_lock_release_recursive
00126468 00000094 T _write_r
001264fc 00000048 T strrchr
00126544 T _fini
00127538 r .LC2
001275b0 00000008 r s_defaultTint.0
001275b8 R render2d_shbin
00127744 R render2d_shbin_end
00127744 R render2d_shbin_size
00127748 00000004 r depthFmtSizes
0012774c 00000005 r colorFmtSizes
00127754 00000010 r CSWTCH.11
00127764 00000038 r CSWTCH.19
00127908 00000080 r dotab_stdout
00127988 00000018 r grayScale
001279a0 00000006 r colorCube
001279a8 00000030 r colorTable
001279d8 00000080 r romFS_devoptab
00127a80 00000008 r morton_y.2
00127a88 00000008 r morton_x.3
00127a90 00000008 r s_sleepWakeEvents.4
00127a98 0000000c r serviceNameTable.5
00127ac8 R default_font_bin
001282c8 R default_font_bin_end
001282c8 00000030 r error_table
001282f8 00000080 r archive_devoptab
00128378 00000060 R __inv_pio4
001283d8 000000e0 R __sincosf_table
0012851c 00000014 r fpinan.0
00128530 00000014 r fpi.1
00128548 00000028 r tinytens
00128570 00000100 R __hexdig
00128670 00000101 R _ctype_
00128774 0000006c R __action_table
001287e0 0000006c R __state_table
0012884c 00000100 R __chclass
0012894c 0000000c r p05.0
00128958 00000028 R __mprec_bigtens
00128980 000000c8 R __mprec_tens
00128b70 00000010 r zeroes.0
00128b80 00000010 r blanks.1
00128c84 00000010 r zeroes.0
00128c94 00000010 r blanks.1
00128ca4 00000080 R dotab_stdnull
00128d24 R __tdata_align
00128d28 r __EH_FRAME_BEGIN__
00128d28 R __exidx_end
00128d28 R __exidx_start
00129000 0000000c d global_hooks
0012900c 00000004 D CurrentRoom
00129010 00000004 D cam_w
00129014 00000004 D cam_h
00129018 00000008 d framerateCounter
00129020 00000004 d framerate
00129024 00000001 d firstConsoleInit.0
00129028 00000004 D currentConsole
0012902c 00000048 D defaultConsole
00129074 00000004 d queueLock
00129078 00000004 d aptChainloadDeliverArgSize
0012907c 00000004 d kCount
00129080 00000004 d kInterval
00129084 00000004 d kDelay
00129088 W __stacksize__
0012908c 0000000c D __sglue
00129098 00000004 D __malloc_sbrk_base
0012909c 00000004 D __malloc_trim_threshold
001290a0 00000408 D __malloc_av_
001294a8 00000004 D _impure_ptr
001294b0 00000140 D _impure_data
001295f0 0000016c D __global_locale
0012975c 00000400 d _current_working_directory
00129b60 00001000 d handles
0012ab60 0000000c d __stderr_handle
0012ab6c 0000000c d __stdout_handle
0012ab78 0000000c d __stdin_handle
0012ab84 0000008c D devoptab_list
0012ac10 00000004 d defaultDevice
0012ac1c d _GLOBAL_OFFSET_TABLE_
0012ac28 d __frame_dummy_init_array_entry
0012ac28 D __init_array_start
0012ac28 B __preinit_array_end
0012ac28 B __preinit_array_start
0012ac28 D __tdata_lma
0012ac28 D __tdata_lma_end
0012ac2c d __do_global_dtors_aux_fini_array_entry
0012ac2c D __fini_array_start
0012ac2c D __init_array_end
0012ac30 D __bss_start__
0012ac30 D __fini_array_end
0012ac30 00000008 b global_error
0012ac38 0000000f b version.0
0012ac48 00000004 b g_root
0012ac4c 00000004 b create_cursor.2
0012ac50 000003e8 b did_create.1
0012b038 00000004 b step_cursor.0
0012b03c 00000004 B SpriteCount
0012b040 000003e8 b sprite_is_object
0012b428 00000004 B spriteSheet
0012b42c 00000fa0 B sprite_object_id
0012c3cc 00000004 B g_keysDown
0012c3d0 00000004 B g_keysHeld
0012c3d4 00000004 B g_keysUp
0012c3d8 00000004 B cam_y
0012c3dc 00000004 B cam_x
0012c3e0 00009c40 B sprites
00136020 b completed.1
00136024 b object.0
00136040 000005a8 B __C2Di_Context
001365e8 00000040 b s_projBot
00136628 00000040 b s_projTop
00136668 00000004 b uLoc_mdlvMtx
0013666c 00000004 b uLoc_projMtx
00136670 0000000c b hookCookie
00136680 000002d0 B __C3D_Context
00136950 00000004 b frameEndCbData
00136954 00000004 b frameEndCb
00136958 00000008 b frameCounter
00136960 00000001 b isTopStereo
00136961 00000001 b needSwapBot
00136962 00000001 b needSwapTop
00136963 00000001 b measureGpuTime
00136964 00000001 b inSafeTransfer
00136965 00000001 b inFrame
00136968 00000010 b cpuTime
00136978 00000010 b gpuTime
00136988 0000000c b linkedTarget
00136994 00000004 b lastTarget
00136998 00000004 b firstTarget
0013699c 00000008 b C3Di_IVUnifEverDirty
001369a4 000000c0 b C3Di_FVUnifEverDirty
00136a64 00000018 b C3Di_ShaderFVecData
00136a7c 00000002 B C3D_BoolUnifsDirty
00136a80 00000008 B C3D_IVUnifDirty
00136a88 000000c0 B C3D_FVUnifDirty
00136b48 00000004 B C3D_BoolUnifs
00136b4c 00000020 B C3D_IVUnif
00136b6c 00000c00 B C3D_FVUnif
00137770 00000008 b sLinearPool
00137778 0000000c b sAddrMap
00137788 00000008 b sVramPoolB
00137790 00000008 b sVramPoolA
00137798 0000000c b sAddrMap
001377a4 00000064 b escapeSeq
00137808 00000048 B currentCopy
00137850 00000004 b screenAlloc
00137854 00000004 b screenFree
00137858 00000002 b gfxIsDoubleBuf
0013785c 00000002 b gfxCurBuf
0013785e 00000001 b gfxIsVram
0013785f 00000001 b gfxTopMode
00137860 00000002 b gfxFramebufferFormats
00137864 00000004 b gfxBottomFramebufferMaxSize
00137868 00000004 b gfxTopFramebufferMaxSize
00137870 00000008 b gfxBottomFramebuffers
00137878 00000008 b gfxTopFramebuffers
00137880 00000001 V __ctru_speedup
00137884 00000004 b romfs_mount_list
00137888 00000004 V __romfs_path
0013788c 00000004 B gpuCmdBufOffset
00137890 00000004 B gpuCmdBufSize
00137894 00000004 B gpuCmdBuf
00137898 00000004 b boundQueue
0013789c 00000001 b shouldStop
0013789d 00000001 b isRunning
0013789e 00000001 b isActive
001378a0 00000004 b curQueue
001378a4 00000001 b flagValue.0
001378a5 00000001 b flagInit.1
001378a8 00000004 b serviceName.6
001378ac 00000001 b aptChainloadFlags
001378ad 00000001 b aptChainloadMediatype
001378b0 00000020 b aptChainloadHmac
001378d0 00000300 b aptChainloadDeliverArg
00137bd0 00000008 b aptChainloadTid
00137bd8 00001000 b aptParameters
00138bd8 00000004 b aptFlags
00138bdc 00000001 b aptHomeButtonState
00138be0 00000004 b aptMessageFuncData
00138be4 00000004 b aptMessageFunc
00138be8 0000000c b aptFirstHook
00138bf4 00000001 b aptEventHandlerThreadQuit
00138bf8 00000004 b aptEventHandlerThread
00138bfc 00000008 b aptSleepEvent
00138c04 00000008 b aptReceiveEvent
00138c0c 00000008 b aptEvents
00138c14 00000004 b aptLockHandle
00138c18 00000004 b aptRefCount
00138c20 00000080 b fsExemptArchives
00138ca0 00000004 b fsuRefCount
00138ca4 00000004 b fsuHandle
00138ca8 00000007 b gspEventCbOneShot
00138cb0 0000001c b gspEventCbData
00138ccc 0000001c b gspEventCb
00138ce8 00000038 b gspEvents
00138d20 00000004 b gspLastEvent
00138d24 00000001 b gspRunEvents
00138d28 00000004 b gspEventThread
00138d2c 00000004 b gspEvent
00138d30 00000001 b gspGpuRight
00138d31 00000001 b gspThreadId
00138d34 00000004 b gspSharedMem
00138d38 00000004 b gspSharedMemHandle
00138d3c 00000004 b gspRefCount
00138d40 00000004 b gspGpuHandle
00138d44 00000001 b usingIrrst
00138d48 00000004 b hidRefCount
00138d4c 00000006 b gRate
00138d54 00000006 b aVec
00138d5c 00000004 b cPos
00138d60 00000004 b tPos
00138d64 00000004 b kRepeat
00138d68 00000004 b kUp
00138d6c 00000004 b kDown
00138d70 00000004 b kHeld
00138d74 00000004 b kOld
00138d78 00000004 B hidSharedMem
00138d7c 00000014 B hidEvents
00138d90 00000004 B hidMemHandle
00138d94 00000004 B hidHandle
00138d98 00000004 b irrstRefCount
00138d9c 00000004 b csPos
00138da0 00000004 b kHeld
00138da4 00000004 B irrstSharedMem
00138da8 00000004 B irrstEvent
00138dac 00000004 B irrstMemHandle
00138db0 00000004 B irrstHandle
00138db4 00000004 b ptmSysmRefCount
00138db8 00000004 b ptmSysmHandle
00138dbc 00000004 V __ctru_linear_heap_size
00138dc0 00000004 V __ctru_heap_size
00138dc4 00000004 B __ctru_linear_heap
00138dc8 00000004 B __ctru_heap
00138dcc 00000004 B __system_retAddr
00138dd0 00000004 B __system_argv
00138dd4 00000004 B __system_argc
00138dd8 b saved_stack
00138de0 00000004 B __3dslink_host
00138de4 00000004 b srvRefCount
00138de8 00000004 b srvHandle
00138dec 00000004 b arbiter
00138df0 00000004 b currentAddr
00138df4 00000004 b maxAddr
00138df8 00000004 b minAddr
00138dfc 00000004 b srvPmHandle
00138e00 000005c0 b archive_devices
001393c0 00000004 b archive_device_cwd
001393c4 00000001 b archive_initialized
001393c8 0000000c b __sfp_recursive_mutex
001393d8 00000168 B __sf
00139540 00000004 B __stdio_exit_handler
00139544 00000028 B __malloc_current_mallinfo
0013956c 00000004 B __malloc_max_total_mem
00139570 00000004 B __malloc_max_sbrked_mem
00139574 00000004 B __malloc_top_pad
00139578 0000000c b __malloc_recursive_mutex
00139584 00000400 b temp_cwd
00139984 00000004 b __hndl_lock
00139988 00000004 B fake_heap_start
0013998c 00000004 B fake_heap_end
00139990 00000004 b heap_start.0
00139994 B __tls_start
0013a59c B __bss_end__
0013a59c A __end__
0013a59c B __tls_end
