         w __deregister_frame_info
         w __register_frame_info
         w userAppExit
         w userAppInit
00000000 00000802 B __ctru_dev_utf16_buf
00000000 A __sync_synchronize
00000000 b _TLS_MODULE_BASE_
00000000 a shift
00000000 a shift
00000804 00000401 B __ctru_dev_path_buf
00100000 A __start__
00100000 T _start
00100008 T __service_ptr
0010000c T __apt_appid
00100010 T __heap_size
00100014 T __linear_heap_size
00100018 T __system_arglist
0010001c T __system_runflags
00100020 t startup
00100058 t ClearMem
0010006c t ClrLoop
00100094 T _init
001000ac t .udivsi3_skip_div0_test
001000ac T __aeabi_uidiv
001000ac 000001ec T __udivsi3
00100298 00000020 T __aeabi_uidivmod
001002b8 T __aeabi_idiv
001002b8 00000220 T __divsi3
001002c0 t .divsi3_skip_div0_test
001004d8 00000020 T __aeabi_idivmod
001004f8 00000004 W __aeabi_idiv0
001004f8 00000004 W __aeabi_ldiv0
001004fc T __aeabi_drsub
00100504 000002b0 T __aeabi_dsub
00100504 000002b0 T __subdf3
00100508 000002ac T __adddf3
00100508 000002ac T __aeabi_dadd
001007b4 00000024 T __aeabi_ui2d
001007b4 00000024 T __floatunsidf
001007d8 00000028 T __aeabi_i2d
001007d8 00000028 T __floatsidf
00100800 00000048 T __aeabi_f2d
00100800 00000048 T __extendsfdf2
00100848 00000074 T __aeabi_ul2d
00100848 00000074 T __floatundidf
0010085c 00000060 T __aeabi_l2d
0010085c 00000060 T __floatdidf
001008bc T __aeabi_ldivmod
00100990 T __aeabi_uldivmod
001009e8 00000390 T strcmp
00100d70 t __do_global_dtors_aux
00100dc0 t frame_dummy
00100dec 00000070 t parse_hex4
00100e5c 000003a4 t parse_string
00101200 0000006c t buffer_skip_whitespace
0010126c 000000e4 t get_object_item
00101350 000000ac T cJSON_Delete
00101400 00000568 t parse_value
00101968 000001dc T cJSON_ParseWithLengthOpts
00101b44 0000002c T cJSON_Parse
00101b70 00000008 T cJSON_GetObjectItem
00101b78 00000008 T cJSON_GetObjectItemCaseSensitive
00101b80 000000a0 T cJSON_CreateString
00101c20 00000018 T cJSON_IsString
00101c38 00000018 T cJSON_IsArray
00101c50 000000e8 T scr_renderframe_3DS
00101d38 000000e0 T scr_drawroom_assets_3DS
00101e18 0000001c T gamepad_button_check_pressed
00101e34 0000001c T gamepad_button_check
00101e50 0000001c T gamepad_button_check_released
00101e6c 00000178 t input_convertstring
00101fe4 00000578 t runner_apply_if_code
0010255c 000003b4 t runner_apply_xy_code
00102910 00000218 t runner_apply_roomgoto_code
00102b28 000004a8 t runner_apply_custom_code.isra.0
00102fd0 00000010 T GML_SetRoot
00102fe0 000000ec T RunGML_create
001030cc 00000108 T RunGML_step
001031d4 000000f4 T RunGML
001032c8 00000130 t GetCurrentRoomSize
001033f8 00000040 t GetFirstRoomName
00103438 00000090 T GetSpriteNumberByName
001034c8 00000130 T GetCurrentRoomBgColor_3DS
001035f8 00000030 T runner_sprite_is_object
00103628 000005a8 T InitCurrentRoom
00103bd0 000002b8 T main
00103e88 00000008 T is_running3DS
00103e90 00000008 T is_runningWiiU
00103e98 00000044 t C2Di_FrameEndHook
00103ee0 0000036c T C2D_Init
0010424c 0000004c T C2D_Fini
00104298 000000b8 T C2D_Prepare
00104350 00000048 T C2D_Flush
00104398 00000104 T C2D_SceneSize
0010449c 00000058 T C2D_ViewReset
001044f4 0000003c T C2D_ViewTranslate
00104530 00000038 T C2D_ViewScale
00104568 00000058 T C2D_CreateScreenTarget
001045c0 00000064 T C2D_TargetClear
00104624 0000013c T C2Di_CalcQuad
00104760 00000058 T C2Di_AppendQuad
001047b8 00000550 T C2Di_Update
00104d08 000002b0 T C2D_DrawImage
00104fb8 0000006c T C2D_SpriteSheetLoadFromHandle
00105024 00000048 T C2D_SpriteSheetLoad
0010506c 00000028 T C2D_SpriteSheetFree
00105094 0000002c T C2D_SpriteSheetGetImage
001050c0 00000028 T AttrInfo_Init
001050e8 00000094 T AttrInfo_AddLoader
0010517c 00000054 T C3D_SetAttrInfo
001051d0 00000080 T C3Di_AttrInfoBind
00105250 00000004 W C3Di_LightEnvUpdate
00105254 00000004 W C3Di_LightEnvDirty
00105258 000000b4 t C3Di_AptEventHook
0010530c 00000004 W C3Di_GasUpdate
00105310 000001d0 T C3D_Init
001054e0 00000098 T C3D_SetViewport
00105578 000004e8 T C3Di_UpdateContext
00105a60 000000e0 T C3Di_SplitFrame
00105b40 00000044 T C3D_Fini
00105b84 00000194 T C3D_BindProgram
00105d18 00000024 T BufInfo_Init
00105d3c 00000080 T BufInfo_Add
00105dbc 0000003c T C3D_SetBufInfo
00105df8 00000048 T C3Di_BufInfoBind
00105e40 0000021c T C3D_DrawElements
0010605c 00000040 T C3D_DepthMap
0010609c 0000001c T C3D_CullFace
001060b8 00000040 T C3D_StencilTest
001060f8 00000024 T C3D_StencilOp
0010611c 0000001c T C3D_BlendingColor
00106138 00000024 T C3D_EarlyDepthTest
0010615c 0000002c T C3D_DepthTest
00106188 0000002c T C3D_AlphaTest
001061b4 00000050 T C3D_AlphaBlend
00106204 00000030 T C3D_FragOpMode
00106234 00000044 T C3D_FragOpShadow
00106278 000001ac T C3Di_EffectBind
00106424 0000001c T C3D_CalcColorBufSize
00106440 0000001c T C3D_CalcDepthBufSize
0010645c 00000044 T C3D_SetFrameBuf
001064a0 0000016c T C3Di_FrameBufBind
0010660c 000000c8 T C3D_FrameBufClear
001066d4 00000044 T C3D_FrameBufTransfer
00106718 000000a8 T C3D_ImmSendAttrib
001067c0 00000070 T C3D_ProcTexInit
00106830 00000054 T C3D_ProcTexBind
00106884 0000005c T C3D_ProcTexLutBind
001068e0 000000a4 T ProcTexLut_FromArray
00106984 00000178 T C3Di_ProcTexUpdate
00106afc 00000068 T C3Di_ProcTexDirty
00106b64 0000004c t onVBlank0
00106bb0 0000004c t onVBlank1
00106bfc 00000080 t C3Di_RenderTargetDestroy
00106c7c 000000f4 t onQueueFinish
00106d70 00000038 T C3Di_RenderQueueEnableVBlank
00106da8 00000030 T C3Di_RenderQueueDisableVBlank
00106dd8 00000060 T C3Di_RenderQueueInit
00106e38 000000b4 T C3Di_RenderQueueExit
00106eec 00000034 T C3Di_RenderQueueWaitDone
00106f20 000000e8 T C3D_FrameBegin
00107008 00000048 T C3D_FrameDrawOn
00107050 00000058 T C3D_FrameSplit
001070a8 000001d0 T C3D_FrameEnd
00107278 0000001c T C3D_FrameEndHook
00107294 00000170 T C3D_RenderTargetCreate
00107404 000000a8 T C3D_RenderTargetSetOutput
001074ac 000000fc T C3D_SyncTextureCopy
001075a8 000003d8 t Tex3DSi_ImportCommon
00107980 00000038 T Tex3DS_TextureImportStdio
001079b8 0000001c T Tex3DS_GetSubTexture
001079d4 00000004 T Tex3DS_TextureFree
001079d8 00000034 T C3D_GetTexEnv
00107a0c 00000024 T C3Di_TexEnvBind
00107a30 00000290 T C3D_TexInitWithParams
00107cc0 000000c8 T C3D_TexLoadImage
00107d88 00000044 T C3D_TexBind
00107dcc 00000074 T C3D_TexDelete
00107e40 0000014c T C3Di_SetTex
00107f8c 00000290 T C3D_UpdateUniforms
0010821c 000000c0 T C3Di_DirtyUniforms
001082dc 000000d8 T C3Di_LoadShaderUniforms
001083b4 00000028 T C3Di_ClearShaderUniforms
001083dc 000000cc T Mtx_Ortho
001084a8 000000cc T Mtx_OrthoTilt
00108574 00000038 T Mtx_Scale
001085ac 000000a4 T Mtx_Translate
00108650 00000024 t addrMapNodeComparator(rbtree_node const*, rbtree_node const*)
00108674 00000004 t addrMapNodeDestructor(rbtree_node*)
00108678 0000012c T linearMemAlign
001087a4 00000008 T linearAlloc
001087ac 0000005c T linearFree
00108808 00000088 T MemPool::CoalesceRight(MemBlock*)
00108890 00000178 T MemPool::Allocate(MemChunk&, unsigned long, int)
00108a08 00000118 T MemPool::Deallocate(MemChunk const&)
00108b20 00000030 T MemPool::GetFreeSpace()
00108b50 00000024 t addrMapNodeComparator(rbtree_node const*, rbtree_node const*)
00108b74 00000004 t addrMapNodeDestructor(rbtree_node*)
00108b78 00000248 T vramMemAlignAt
00108dc0 0000000c T vramAlloc
00108dcc 0000000c T vramAllocAt
00108dd8 00000094 T vramFree
00108e6c 000001c8 T consoleDrawChar
00109034 00000170 T consolePrintChar
001091a4 00000c40 T con_write
00109de4 00000110 t newRow
00109ef4 00000180 T consoleInit
0010a074 000000cc t gfxPresentFramebuffer
0010a140 0000001c T gfxIsWide
0010a15c 000000f8 T gfxSetScreenFormat
0010a254 00000010 T gfxSetDoubleBuffering
0010a264 000000d8 T gfxInit
0010a33c 00000010 T gfxInitDefault
0010a34c 000000b8 T gfxExit
0010a404 000000a0 T gfxGetFramebuffer
0010a4a4 00000100 T gfxFlushBuffers
0010a5a4 00000028 T gfxScreenSwapBuffers
0010a5cc 00000050 T gfxSwapBuffersGpu
0010a61c 00000074 T osConvertVirtToPhys
0010a690 00000054 T osGetTimeRef
0010a6e4 000000ec T osGetTime
0010a7d0 00000034 T __ctru_speedup_config
0010a804 00000008 t romfs_close
0010a80c 000000ac t romfs_seek
0010a8b8 00000024 t romfs_dirreset
0010a8dc 000000c0 t fill_dir
0010a99c 000002ac t romfs_dirnext
0010ac48 00000074 t romfs_free
0010acbc 000000d0 t searchForFile.constprop.0
0010ad8c 000000d4 t searchForDir.constprop.0
0010ae60 000001c0 t navigateToDir.constprop.0
0010b020 00000114 t romfs_open
0010b134 0000004c t romfs_chdir
0010b180 00000068 t romfs_diropen
0010b1e8 00000178 t romfs_stat
0010b360 00000008 t romfs_dirclose
0010b368 0000007c t romfs_fstat
0010b3e4 000000d0 t romfs_read
0010b4b4 0000028c T romfsMountFromFile
0010b740 00000098 T romfsMountFromCurrentProcess
0010b7d8 00000258 T romfsMountSelf
0010ba30 000000a0 T romfsUnmount
0010bad0 0000013c T GPUCMD_Add
0010bc0c 000000b0 T GPUCMD_Split
0010bcbc 00000034 T f32tof16
0010bcf0 00000034 T f32tof24
0010bd24 00000038 T f32tof31
0010bd5c 00000010 T GX_BindQueue
0010bd6c 0000007c T GX_ProcessCommandList
0010bde8 00000074 T GX_MemoryFill
0010be5c 00000074 T GX_DisplayTransfer
0010bed0 00000078 T GX_TextureCopy
0010bf48 00000064 t gxCmdQueueDoCommands.part.0
0010bfac 000000e4 T gxCmdQueueInterrupt
0010c090 00000068 T gxCmdQueueClear
0010c0f8 00000108 T gxCmdQueueAdd
0010c200 00000080 T gxCmdQueueRun
0010c280 00000064 T gxCmdQueueStop
0010c2e4 0000008c T gxCmdQueueWait
0010c370 000001e0 T shaderInstanceInit
0010c550 00000018 T shaderInstanceGetUniformLocation
0010c568 0000001c T shaderProgramInit
0010c584 00000074 T shaderProgramFree
0010c5f8 00000094 T shaderProgramSetVsh
0010c68c 000008d0 T shaderProgramConfigure
0010cf5c 000001dc t DVLE_GenerateOutmap.part.0
0010d138 000001ac T DVLB_ParseFile
0010d2e4 00000050 T DVLB_Free
0010d334 00000074 T DVLE_GetUniformRegister
0010d3a8 00000008 W aptDspSleep
0010d3b0 00000004 W aptDspWakeup
0010d3b4 00000004 W aptDspCancel
0010d3b8 00000138 T aptSendCommand
0010d4f0 00000044 t aptExitProcess
0010d534 00000394 T aptExit
0010d8c8 00000034 T aptHook
0010d8fc 00000030 T aptUnhook
0010d92c 00000084 T APT_SleepIfShellClosed
0010d9b0 00000084 T APT_UnlockTransition
0010da38 00000470 t aptEventHandler
0010dea8 000000bc T APT_ReceiveParameter
0010df64 000000b0 t aptReceiveParameter.constprop.0
0010e014 000002d0 t aptWaitForWakeUp.isra.0
0010e2e4 00000240 T aptInit
0010e524 00000090 T APT_CheckNew3DS
0010e5b4 00000104 T fsInit
0010e6b8 0000003c T fsExit
0010e6f4 00000068 T fsExemptFromSession
0010e75c 00000050 T fsUnexemptFromSession
0010e7ac 000000cc T FSUSER_OpenFile
0010e878 000000cc T FSUSER_OpenFileDirectly
0010e944 000000b8 T FSUSER_DeleteFile
0010e9fc 000000f4 T FSUSER_RenameFile
0010eaf0 000000b8 T FSUSER_DeleteDirectory
0010eba8 000000d0 T FSUSER_CreateFile
0010ec78 000000c0 T FSUSER_CreateDirectory
0010ed38 000000f4 T FSUSER_RenameDirectory
0010ee2c 000000b4 T FSUSER_OpenDirectory
0010eee0 00000090 T FSUSER_OpenArchive
0010ef70 0000008c T FSUSER_CloseArchive
0010effc 00000074 T FSUSER_GetSdmcArchiveResource
0010f070 00000064 T FSUSER_IsSdmcWritable
0010f0d4 00000064 T FSFILE_Read
0010f138 0000006c T FSFILE_Write
0010f1a4 00000044 T FSFILE_GetSize
0010f1e8 00000028 T FSFILE_SetSize
0010f210 0000003c T FSFILE_Close
0010f24c 00000024 T FSFILE_Flush
0010f270 00000060 T FSDIR_Read
0010f2d0 0000003c T FSDIR_Close
0010f30c 00000c70 t gspHardwareInit
0010ff7c 00000280 T gspInit
001101fc 00000110 T gspExit
0011030c 00000010 T gspHasGpuRight
0011031c 000000a4 T gspPresentBuffer
001103c0 00000030 T gspSetEventCallback
001103f0 00000050 T gspWaitForEvent
00110440 0000004c T gspWaitForAnyEvent
0011048c 00000154 t gspEventThreadMain
001105e0 0000012c T gspSubmitGxCommand
0011070c 00000050 T GSPGPU_FlushDataCache
0011075c 00000034 T GSPGPU_SetLcdForceBlack
00110790 00000080 T GSPGPU_AcquireRight
00110810 0000002c T GSPGPU_RestoreVramSysArea
0011083c 00000024 W hidShouldUseIrrst
00110860 000001cc T hidInit
00110a2c 000000e8 T hidExit
00110b14 000002a0 T hidScanInput
00110db4 00000010 T hidKeysHeld
00110dc4 00000010 T hidKeysDown
00110dd4 00000010 T hidKeysUp
00110de4 000001a4 T irrstInit
00110f88 000000dc T irrstExit
00111064 000000b4 T irrstScanInput
00111118 00000024 T irrstKeysHeld
0011113c 00000078 T ptmSysmInit
001111b4 0000003c T ptmSysmExit
001111f0 00000034 T PTMSYSM_ConfigureNew3DSCPU
00111224 000000e0 t buffer_read
00111304 000000cc t iov_read
001113d0 00000164 t iov_memmove
00111534 000001e0 t decompress_rle
00111714 00000264 t decompress_lzss
00111978 00000418 t decompress_lz11
00111d90 0000031c t decompress_huff.isra.0
001120ac 00000010 T decompressCallback_Stdio
001120bc 000000e4 T decompressHeader
001121a0 0000021c T decompressV
001123bc 00000074 T rbtree_find
00112430 00000010 T rbtree_init
00112440 00000198 t do_insert
001125d8 00000008 T rbtree_insert
001125e0 00000310 T rbtree_remove
001128f0 00000090 T rbtree_rotate
00112980 000000e8 T utf16_to_utf8
00112a68 000000c0 T utf8_to_utf16
00112b28 000001e8 W __system_allocateHeaps
00112d10 00000038 W __libctru_init
00112d48 0000016c W __system_initArgv
00112eb4 00000030 T __syscall_getreent
00112ee4 00000064 T __syscall_gettod_r
00112f48 00000004 T __syscall_lock_acquire
00112f4c 00000004 T __syscall_lock_release
00112f50 00000004 T __syscall_lock_acquire_recursive
00112f54 00000004 T __syscall_lock_release_recursive
00112f58 00000004 T __syscall_exit
00112f5c 00000054 T initThreadVars
00112fb0 00000080 T __system_initSyscalls
00113030 T svcControlMemory
00113050 T svcQueryMemory
00113080 T svcExitProcess
00113088 T svcCreateThread
001130a8 T svcExitThread
001130b0 T svcSleepThread
001130b8 T svcReleaseMutex
001130c0 T svcCreateEvent
001130d4 T svcSignalEvent
001130dc T svcClearEvent
001130e4 T svcMapMemoryBlock
001130ec T svcUnmapMemoryBlock
001130f4 T svcCreateAddressArbiter
00113108 T svcArbitrateAddressNoTimeout
00113110 T svcCloseHandle
00113118 T svcWaitSynchronization
00113120 T svcWaitSynchronizationN
00113148 T svcDuplicateHandle
0011315c T svcGetSystemTick
00113164 T svcConnectToPort
00113178 T svcSendSyncRequest
00113180 T svcGetResourceLimit
00113194 T svcGetResourceLimitLimitValues
0011319c T svcGetResourceLimitCurrentValues
001131a4 T svcBreak
001131ac T __aeabi_read_tp
001131b8 W initSystem
00113208 W __ctru_exit
0011321c 0000008c W envGetHandle
001132a8 00000050 W envDestroyHandles
001132f8 00000164 T srvInit
0011345c 00000064 T srvExit
001134c0 00000060 T srvEnableNotification
00113520 000000a0 T srvGetServiceHandleDirect
001135c0 00000048 T srvGetServiceHandle
00113608 00000034 T srvSubscribe
0011363c 00000060 T srvReceiveNotification
0011369c 00000038 T srvPublishToSubscriber
001136d4 0000000c T __sync_init
001136e0 00000018 T __sync_fini
001136f8 00000028 T syncArbitrateAddress
00113720 000000ac T LightLock_Lock
001137cc 00000040 T LightLock_Unlock
0011380c 00000054 T RecursiveLock_Lock
00113860 00000054 T RecursiveLock_Unlock
001138b4 00000044 T LightEvent_Init
001138f8 000000b8 T LightEvent_Clear
001139b0 000000dc T LightEvent_Signal
00113a8c 00000050 T LightEvent_TryWait
00113adc 000000ac T LightEvent_Wait
00113b88 000001fc T threadCreate
00113d84 00000038 T threadFree
00113dbc 00000024 T threadJoin
00113de0 00000030 T threadGetCurrent
00113e10 00000040 T threadExit
00113e50 00000020 t _thread_begin
00113e70 00000090 t mappableFindAddressWithin
00113f00 00000028 T mappableInit
00113f28 0000007c T mappableAlloc
00113fa4 00000004 T mappableFree
00113fa8 0000000c T srvPmGetSessionHandle
00113fb4 00000060 T rbtree_node_next
00114014 00000054 T decode_utf16
00114068 00000140 T decode_utf8
001141a8 00000054 T encode_utf16
001141fc 000000e0 T encode_utf8
001142dc 00000030 W __appExit
0011430c 00000030 W __appInit
0011433c 00000090 W __libctru_exit
001143cc 00000014 t archive_link
001143e0 00000014 t archive_dirreset
001143f4 00000014 t archive_chmod
00114408 00000024 t error_cmp
0011442c 00000050 t archive_translate_error
0011447c 000000c0 t archive_seek
0011453c 00000078 t _archiveInit.part.0
001145b4 000000d4 t archiveFindDevice.part.0
00114688 00000298 t archive_utf16path
00114920 00000098 t _archiveUnmountDeviceStruct.part.0
001149b8 00000014 t archive_statvfs
001149cc 00000014 t archive_fchmod
001149e0 00000178 t _archiveMountDevice
00114b58 000000f8 t archive_diropen
00114c50 000000ac t archive_fstat
00114cfc 00000074 t archive_fsync
00114d70 00000074 t archive_close
00114de4 00000078 t archive_dirclose
00114e5c 000000ec t sdmc_statvfs
00114f48 000000f8 t archive_chdir
00115040 0000008c t archive_ftruncate
001150cc 000000bc t archive_read
00115188 000000a8 t archive_unlink
00115230 000000c0 t archive_rmdir
001152f0 000000d8 t archive_mkdir
001153c8 000001a0 t archive_stat
00115568 00000164 t archive_dirnext
001156cc 0000013c t archive_write
00115808 00000254 t archive_open
00115a5c 00000270 t archive_rename
00115ccc 000001c8 T archiveMountSdmc
00115e94 00000054 T archiveUnmountAll
00115ee8 00000264 T sinf
0011614c 00000024 t with_errnof
00116170 0000001c T __math_invalidf
00116190 0000025c T cosf
001163ec 0000002c T __aeabi_d2lz
001163ec 0000002c T __fixdfdi
00116418 00000040 T __aeabi_d2ulz
00116418 00000040 T __fixunsdfdi
00116458 00000130 T __udivmoddi4
00116588 000000d8 T strncmp
00116660 00000140 T strchr
001167a0 00000144 T _fclose_r
001168e4 00000020 T fclose
00116904 00000060 t sulp
00116968 00001428 T _strtod_l
00117d90 00000048 T strtod
00117dd8 0000008c T strlen
00117e64 000000f4 t rshift
00117f58 000008b4 T __gethex
0011880c 000000d8 T memcmp
001188e4 0000001c t stdio_exit_handler
00118900 0000005c t cleanup_stdio
0011895c 00000154 t global_stdio_init.part.0
00118ab0 00000138 T __sfp
00118be8 0000005c T __sinit
00118c44 0000000c T __sfp_lock_acquire
00118c50 0000000c T __sfp_lock_release
00118c5c 000001ec t _strtoul_l.isra.0
00118e48 0000003c T strtoul
00118e84 00000084 T __libc_init_array
00118f08 0000009c T strncat
00118fa4 00000070 T _fwalk_sglue
00119014 00000078 T bsearch
0011908c 0000000c T __errno
00119098 00000028 T calloc
001190c0 000000e0 T _puts_r
001191a0 00000020 T puts
001191c0 000000d8 T _calloc_r
00119298 00000028 T realloc
001192c0 00000020 T strdup
001192e0 0000001c T _fseek_r
001192fc 00000034 T fseek
00119330 00000028 T memalign
00119358 0000082c T _malloc_r
00119b84 00000114 T _malloc_trim_r
00119c98 00000314 T _free_r
00119fac 00000034 T printf
00119fe0 00000384 t _strtol_l.part.0
0011a364 00000074 T strtol
0011a3d8 0000003c T strnlen
0011a414 00000040 T malloc
0011a454 00000020 T free
0011a474 0000022c T __sflush_r
0011a6a0 000000c4 T _fflush_r
0011a764 00000048 T time
0011a7ac 000000e4 T memset
0011a890 000004f0 T _realloc_r
0011ad80 00000054 T _strdup_r
0011add4 00000334 T _fread_r
0011b108 00000038 T fread
0011b140 0000000c T __malloc_lock
0011b14c 0000000c T __malloc_unlock
0011b158 00000004 W __call_exitprocs
0011b15c 00000030 T exit
0011b18c 00000294 T setvbuf
0011b420 00000134 T _fopen_r
0011b554 00000028 T fopen
0011b57c 000000d4 T strncpy
0011b650 00000034 T ftell
0011b684 0000012c T memcpy
0011b7b0 00000028 T _wcsrtombs_r
0011b7d8 00000070 T __match
0011b848 000002a8 T __hexnan
0011baf0 00000010 T nan
0011bb00 00000088 T frexp
0011bb88 000004a4 T __sfvwrite_r
0011c02c 00000044 T __sread
0011c070 00000068 T __swrite
0011c0d8 00000040 T __sseek
0011c118 00000008 T __sclose
0011c120 0000016c T memmove
0011c28c 0000005c T __assert_func
0011c2e8 00000088 T _Balloc
0011c370 0000001c T _Bfree
0011c38c 000000f4 T __multadd
0011c480 0000010c T __s2b
0011c58c 00000080 T __hi0bits
0011c60c 000000f0 T __lo0bits
0011c6fc 000000a4 T __i2b
0011c7a0 00000230 T __multiply
0011c9d0 00000130 T __pow5mult
0011cb00 00000138 T __lshift
0011cc38 00000058 T __mcmp
0011cc90 00000218 T __mdiff
0011cea8 00000068 T __ulp
0011cf10 000000d4 T __b2d
0011cfe4 00000120 T __d2b
0011d104 00000078 T __ratio
0011d17c 0000008c T __copybits
0011d208 0000005c T __any_on
0011d264 00000024 T __locale_mb_cur_max
0011d288 0000003c T fiprintf
0011d2c4 0000016c T _memalign_r
0011d430 0000015c T _wcsnrtombs_l
0011d58c 00000064 T _wcsnrtombs_r
0011d5f0 00000340 T __utf8_mbtowc
0011d930 00000588 T _fseeko_r
0011deb8 00000014 T abort
0011decc 00000024 T _localeconv_r
0011def0 000005e0 t get_arg
0011e4d0 00003554 T _vfprintf_r
00121a24 000000b4 t __sbprintf
00121ad8 000000e8 T memchr
00121bc0 000001c0 t quorem
00121d80 00001420 T _dtoa_r
001231a0 000000a0 T _wcrtomb_r
00123240 000000b8 T __sflags
001232f8 0000003c T __libc_fini_array
00123334 00000038 t lflush
0012336c 000001a8 T __srefill_r
00123514 00000164 T __smakebuf_r
00123678 00000090 T __swhatbuf_r
00123708 000001c4 T _ftello_r
001238cc 000000f8 T __utf8_wctomb
001239c4 00000140 T __swsetup_r
00123b04 0000009c T _raise_r
00123ba0 00000020 T raise
00123bc0 000005e0 t get_arg
001241a0 000022f8 T _vfiprintf_r
00126498 000000b4 t __sbprintf
0012654c 00000030 T __sprint_r
0012657c 00000020 T _exit
0012659c 00000140 T chdir
001266dc 000001c8 T _concatenate_path
001268a4 0000009c T _fstat_r
00126940 00000014 T _getpid_r
00126954 0000002c T __getreent
00126980 00000030 T _gettimeofday_r
001269b0 000000a0 T __release_handle
00126a50 000000b0 T __alloc_handle
00126b00 00000058 T __get_handle
00126b58 00000110 T _close_r
00126c68 00000008 t null_write
00126c70 00000018 T setDefaultDevice
00126c88 000000c4 T FindDevice
00126d4c 00000028 T RemoveDevice
00126d74 00000098 T AddDevice
00126e0c 00000020 T GetDeviceOpTab
00126e2c 00000008 T _isatty_r
00126e34 00000014 T _kill_r
00126e48 00000094 T _lseek_r
00126edc 000000c0 T _open_r
00126f9c 00000094 T _read_r
00127030 00000078 W _sbrk_r
001270a8 0000001c T __libc_lock_acquire
001270c4 0000001c T __libc_lock_release
001270e0 0000001c T __libc_lock_acquire_recursive
001270fc 0000001c T __libc_lock_release_recursive
00127118 00000094 T _write_r
001271ac 00000048 T strrchr
001271f4 T _fini
00128228 r .LC2
00128acc 00000008 r s_defaultTint.0
00128ad4 R render2d_shbin
00128c60 R render2d_shbin_end
00128c60 R render2d_shbin_size
00128c64 00000004 r depthFmtSizes
00128c68 00000005 r colorFmtSizes
00128c70 00000010 r CSWTCH.11
00128c80 00000038 r CSWTCH.19
00128e24 00000080 r dotab_stdout
00128ea4 00000018 r grayScale
00128ebc 00000006 r colorCube
00128ec4 00000030 r colorTable
00128ef4 00000080 r romFS_devoptab
00128f9c 00000008 r s_sleepWakeEvents.4
00128fa4 0000000c r serviceNameTable.5
00128fd4 R default_font_bin
001297d4 R default_font_bin_end
001297d4 00000030 r error_table
00129804 00000080 r archive_devoptab
00129884 00000060 R __inv_pio4
001298e8 000000e0 R __sincosf_table
00129a2c 00000014 r fpinan.0
00129a40 00000014 r fpi.1
00129a58 00000028 r tinytens
00129a80 00000100 R __hexdig
00129b80 00000101 R _ctype_
00129c84 0000006c R __action_table
00129cf0 0000006c R __state_table
00129d5c 00000100 R __chclass
00129e5c 0000000c r p05.0
00129e68 00000028 R __mprec_bigtens
00129e90 000000c8 R __mprec_tens
0012a080 00000010 r zeroes.0
0012a090 00000010 r blanks.1
0012a194 00000010 r zeroes.0
0012a1a4 00000010 r blanks.1
0012a1b4 00000080 R dotab_stdnull
0012a234 R __tdata_align
0012a238 r __EH_FRAME_BEGIN__
0012a238 R __exidx_end
0012a238 R __exidx_start
0012b000 0000000c d global_hooks
0012b00c 00000028 D nums
0012b034 000004b0 D gmVarFuncs
0012b4e4 00000004 D CurrentRoom
0012b4e8 00000004 D data_json
0012b4ec 00000004 D cam_w
0012b4f0 00000004 D cam_h
0012b4f4 00000008 d framerateCounter
0012b4fc 00000004 d framerate
0012b500 00000001 d firstConsoleInit.0
0012b504 00000004 D currentConsole
0012b508 00000048 D defaultConsole
0012b550 00000004 d queueLock
0012b554 00000004 d aptChainloadDeliverArgSize
0012b558 00000004 d kCount
0012b55c 00000004 d kInterval
0012b560 00000004 d kDelay
0012b564 W __stacksize__
0012b568 0000000c D __sglue
0012b574 00000004 D __malloc_sbrk_base
0012b578 00000004 D __malloc_trim_threshold
0012b580 00000408 D __malloc_av_
0012b988 00000004 D _impure_ptr
0012b990 00000140 D _impure_data
0012bad0 0000016c D __global_locale
0012bc3c 00000400 d _current_working_directory
0012c040 00001000 d handles
0012d040 0000000c d __stderr_handle
0012d04c 0000000c d __stdout_handle
0012d058 0000000c d __stdin_handle
0012d064 0000008c D devoptab_list
0012d0f0 00000004 d defaultDevice
0012d0fc d _GLOBAL_OFFSET_TABLE_
0012d108 d __frame_dummy_init_array_entry
0012d108 D __init_array_start
0012d108 B __preinit_array_end
0012d108 B __preinit_array_start
0012d108 D __tdata_lma
0012d108 D __tdata_lma_end
0012d10c d __do_global_dtors_aux_fini_array_entry
0012d10c D __fini_array_start
0012d10c D __init_array_end
0012d110 D __bss_start__
0012d110 D __fini_array_end
0012d110 00000008 b global_error
0012d118 0000000f b version.0
0012d128 00000004 b root
0012d12c 00000004 b create_cursor.3
0012d130 000003e8 b did_create.2
0012d518 00000004 b step_cursor.1
0012d51c 000003e8 b ran_this_frame.0
0012d904 00000004 B SpriteCount
0012d908 000003e8 b sprite_is_object
0012dcf0 00000fa0 B sprite_object_id
0012ec90 00000004 B spriteSheet
0012ec94 00000004 B g_keysDown
0012ec98 00000004 B g_keysHeld
0012ec9c 00000004 B g_keysUp
0012eca0 00000004 B cam_y
0012eca4 00000004 B cam_x
0012eca8 00009c40 B sprites
001388e8 b completed.1
001388ec b object.0
00138908 000005a8 B __C2Di_Context
00138eb0 00000040 b s_projBot
00138ef0 00000040 b s_projTop
00138f30 00000004 b uLoc_mdlvMtx
00138f34 00000004 b uLoc_projMtx
00138f38 0000000c b hookCookie
00138f48 000002d0 B __C3D_Context
00139218 00000004 b frameEndCbData
0013921c 00000004 b frameEndCb
00139220 00000008 b frameCounter
00139228 00000001 b isTopStereo
00139229 00000001 b needSwapBot
0013922a 00000001 b needSwapTop
0013922b 00000001 b measureGpuTime
0013922c 00000001 b inSafeTransfer
0013922d 00000001 b inFrame
00139230 00000010 b cpuTime
00139240 00000010 b gpuTime
00139250 0000000c b linkedTarget
0013925c 00000004 b lastTarget
00139260 00000004 b firstTarget
00139264 00000008 b C3Di_IVUnifEverDirty
0013926c 000000c0 b C3Di_FVUnifEverDirty
0013932c 00000018 b C3Di_ShaderFVecData
00139344 00000002 B C3D_BoolUnifsDirty
00139348 00000008 B C3D_IVUnifDirty
00139350 000000c0 B C3D_FVUnifDirty
00139410 00000004 B C3D_BoolUnifs
00139414 00000020 B C3D_IVUnif
00139434 00000c00 B C3D_FVUnif
0013a038 00000008 b sLinearPool
0013a040 0000000c b sAddrMap
0013a050 00000008 b sVramPoolB
0013a058 00000008 b sVramPoolA
0013a060 0000000c b sAddrMap
0013a06c 00000064 b escapeSeq
0013a0d0 00000048 B currentCopy
0013a118 00000004 b screenAlloc
0013a11c 00000004 b screenFree
0013a120 00000002 b gfxIsDoubleBuf
0013a124 00000002 b gfxCurBuf
0013a126 00000001 b gfxIsVram
0013a127 00000001 b gfxTopMode
0013a128 00000002 b gfxFramebufferFormats
0013a12c 00000004 b gfxBottomFramebufferMaxSize
0013a130 00000004 b gfxTopFramebufferMaxSize
0013a138 00000008 b gfxBottomFramebuffers
0013a140 00000008 b gfxTopFramebuffers
0013a148 00000001 V __ctru_speedup
0013a14c 00000004 b romfs_mount_list
0013a150 00000004 V __romfs_path
0013a154 00000004 B gpuCmdBufOffset
0013a158 00000004 B gpuCmdBufSize
0013a15c 00000004 B gpuCmdBuf
0013a160 00000004 b boundQueue
0013a164 00000001 b shouldStop
0013a165 00000001 b isRunning
0013a166 00000001 b isActive
0013a168 00000004 b curQueue
0013a16c 00000001 b flagValue.0
0013a16d 00000001 b flagInit.1
0013a170 00000004 b serviceName.6
0013a174 00000001 b aptChainloadFlags
0013a175 00000001 b aptChainloadMediatype
0013a178 00000020 b aptChainloadHmac
0013a198 00000300 b aptChainloadDeliverArg
0013a498 00000008 b aptChainloadTid
0013a4a0 00001000 b aptParameters
0013b4a0 00000004 b aptFlags
0013b4a4 00000001 b aptHomeButtonState
0013b4a8 00000004 b aptMessageFuncData
0013b4ac 00000004 b aptMessageFunc
0013b4b0 0000000c b aptFirstHook
0013b4bc 00000001 b aptEventHandlerThreadQuit
0013b4c0 00000004 b aptEventHandlerThread
0013b4c4 00000008 b aptSleepEvent
0013b4cc 00000008 b aptReceiveEvent
0013b4d4 00000008 b aptEvents
0013b4dc 00000004 b aptLockHandle
0013b4e0 00000004 b aptRefCount
0013b4e8 00000080 b fsExemptArchives
0013b568 00000004 b fsuRefCount
0013b56c 00000004 b fsuHandle
0013b570 00000007 b gspEventCbOneShot
0013b578 0000001c b gspEventCbData
0013b594 0000001c b gspEventCb
0013b5b0 00000038 b gspEvents
0013b5e8 00000004 b gspLastEvent
0013b5ec 00000001 b gspRunEvents
0013b5f0 00000004 b gspEventThread
0013b5f4 00000004 b gspEvent
0013b5f8 00000001 b gspGpuRight
0013b5f9 00000001 b gspThreadId
0013b5fc 00000004 b gspSharedMem
0013b600 00000004 b gspSharedMemHandle
0013b604 00000004 b gspRefCount
0013b608 00000004 b gspGpuHandle
0013b60c 00000001 b usingIrrst
0013b610 00000004 b hidRefCount
0013b614 00000006 b gRate
0013b61c 00000006 b aVec
0013b624 00000004 b cPos
0013b628 00000004 b tPos
0013b62c 00000004 b kRepeat
0013b630 00000004 b kUp
0013b634 00000004 b kDown
0013b638 00000004 b kHeld
0013b63c 00000004 b kOld
0013b640 00000004 B hidSharedMem
0013b644 00000014 B hidEvents
0013b658 00000004 B hidMemHandle
0013b65c 00000004 B hidHandle
0013b660 00000004 b irrstRefCount
0013b664 00000004 b csPos
0013b668 00000004 b kHeld
0013b66c 00000004 B irrstSharedMem
0013b670 00000004 B irrstEvent
0013b674 00000004 B irrstMemHandle
0013b678 00000004 B irrstHandle
0013b67c 00000004 b ptmSysmRefCount
0013b680 00000004 b ptmSysmHandle
0013b684 00000004 V __ctru_linear_heap_size
0013b688 00000004 V __ctru_heap_size
0013b68c 00000004 B __ctru_linear_heap
0013b690 00000004 B __ctru_heap
0013b694 00000004 B __system_retAddr
0013b698 00000004 B __system_argv
0013b69c 00000004 B __system_argc
0013b6a0 b saved_stack
0013b6a8 00000004 B __3dslink_host
0013b6ac 00000004 b srvRefCount
0013b6b0 00000004 b srvHandle
0013b6b4 00000004 b arbiter
0013b6b8 00000004 b currentAddr
0013b6bc 00000004 b maxAddr
0013b6c0 00000004 b minAddr
0013b6c4 00000004 b srvPmHandle
0013b6c8 000005c0 b archive_devices
0013bc88 00000004 b archive_device_cwd
0013bc8c 00000001 b archive_initialized
0013bc90 0000000c b __sfp_recursive_mutex
0013bca0 00000168 B __sf
0013be08 00000004 B __stdio_exit_handler
0013be0c 00000028 B __malloc_current_mallinfo
0013be34 00000004 B __malloc_max_total_mem
0013be38 00000004 B __malloc_max_sbrked_mem
0013be3c 00000004 B __malloc_top_pad
0013be40 0000000c b __malloc_recursive_mutex
0013be4c 00000400 b temp_cwd
0013c24c 00000004 b __hndl_lock
0013c250 00000004 B fake_heap_start
0013c254 00000004 B fake_heap_end
0013c258 00000004 b heap_start.0
0013c25c B __tls_start
0013ce64 B __bss_end__
0013ce64 A __end__
0013ce64 B __tls_end
